15:39:01.584 INFO : Output is redirected, ANSI colors are cleared.
15:39:01.588 INFO : N_m3u8DL-RE (Beta version) 20251029
Loading URL: https://hls.ted.com/project_masters/2901/index-f1-v1.m3u8?intro_master_id=9294
15:39:02.250 INFO : Content Matched: HTTP Live Streaming
15:39:02.250 INFO : Parsing streams...
15:39:02.254 WARN : Writing meta json
15:39:02.255 INFO : Extracted, there are 1 streams, with 1 basic streams, 0 audio streams, 0 subtitle streams
15:39:02.255 INFO : Vid Kbps | 128 Segments | ~12m42s
15:39:02.255 INFO : Selected streams:
15:39:02.255 INFO : Vid Kbps | 128 Segments | ~12m42s
15:39:02.255 WARN : Writing meta json
15:39:02.255 INFO : Save Name: test
15:39:02.256 INFO : Start downloading...Vid Kbps
                                                                      
Vid Kbps ━━━━━━━━━━━━━━━━━━━━━━━━━━━━━━ 0/128 0.00% - 0.00Bps --:--:--
Vid Kbps ━━━━━━━━━━━━━━━━━━━━━━━━━━━━━━ 0/128 0.00% - 0.00Bps --:--:--
Vid Kbps ━━━━━━━━━━━━━━━━━━━━━━━━━━━━━━ 0/128 0.00% - 0.00Bps(1) --:--:--15:39:03.999 WARN : Reading media info...
Vid Kbps ━━━━━━━━━━━━━━━━━━━━━━━━━━━━━━ 0/128 0.00% - 0.00Bps(1) --:--:--15:39:04.021 INFO : [0x100]: Video, h264 (Constrained Baseline) ([27][0][0][0]), 320x180, 23.98 fps
Vid Kbps ━━━━━━━━━━━━━━━━━━━━━━━━━━━━━━ 0/128 0.00% - 0.00Bps(1) --:--:--15:39:04.022 INFO : [0x101]: Data, timed_id3 (ID3 )
Vid Kbps ━━━━━━━━━━━━━━━━━━━━━━━━━━━━━━ 0/128 0.00% - 0.00Bps(1) --:--:--
Vid Kbps ━━━━━━━━━━━━━━━━━━━━━━━━━━━━━━ 1/128 0.78% - 47.37KBps 00:03:41 
Vid Kbps ━━━━━━━━━━━━━━━━━━━━━━━━━━━━━━ 1/128 0.78% 369.79KB/46.22MB 322.42KBps 00:03:41
Vid Kbps ━━━━━━━━━━━━━━━━━━━━━━━━━━━━━━ 3/128 2.34% 369.79KB/46.22MB 322.42KBps 00:01:59
Vid Kbps ━━━━━━━━━━━━━━━━━━━━━━━━━━━━━━ 4/128 3.12% 369.79KB/46.22MB 322.42KBps 00:01:45
Vid Kbps ━━━━━━━━━━━━━━━━━━━━━━━━━━━━━━ 4/128 3.12% 594.73KB/18.59MB 224.94KBps 00:01:45
Vid Kbps ━━━━━━━━━━━━━━━━━━━━━━━━━━━━━━ 5/128 3.91% 594.73KB/18.59MB 224.94KBps 00:01:37
Vid Kbps ━━━━━━━━━━━━━━━━━━━━━━━━━━━━━━ 5/128 3.91% 781.23KB/19.53MB 186.51KBps 00:01:37
Vid Kbps ━━━━━━━━━━━━━━━━━━━━━━━━━━━━━━ 5/128 3.91% 1.00MB/25.71MB 247.13KBps 00:01:37  
Vid Kbps ━━━━━━━━━━━━━━━━━━━━━━━━━━━━━━ 6/128 4.69% 1.00MB/25.71MB 247.13KBps 00:02:11  
Vid Kbps ━━━━━━━━━━━━━━━━━━━━━━━━━━━━━━ 6/128 4.69% 1.23MB/26.21MB 229.69KBps 00:02:11  
Vid Kbps ━━━━━━━━━━━━━━━━━━━━━━━━━━━━━━ 8/128 6.25% 1.23MB/26.21MB 229.69KBps 00:01:51  
Vid Kbps ━━━━━━━━━━━━━━━━━━━━━━━━━━━━━━ 8/128 6.25% 1.42MB/22.67MB 192.78KBps 00:01:51  
Vid Kbps ━━━━━━━━━━━━━━━━━━━━━━━━━━━━━━ 9/128 7.03% 1.42MB/22.67MB 192.78KBps 00:01:42  
Vid Kbps ━━━━━━━━━━━━━━━━━━━━━━━━━━━━━━ 10/128 7.81% 1.42MB/22.67MB 192.78KBps 00:01:33 
Vid Kbps ━━━━━━━━━━━━━━━━━━━━━━━━━━━━━━ 12/128 9.38% 1.42MB/22.67MB 192.78KBps 00:01:17 
Vid Kbps ━━━━━━━━━━━━━━━━━━━━━━━━━━━━━━ 13/128 10.16% 1.42MB/22.67MB 192.78KBps 00:01:14
Vid Kbps ━━━━━━━━━━━━━━━━━━━━━━━━━━━━━━ 13/128 10.16% 1.66MB/16.37MB 252.17KBps 00:01:14
Vid Kbps ━━━━━━━━━━━━━━━━━━━━━━━━━━━━━━ 15/128 11.72% 1.66MB/16.37MB 252.17KBps 00:01:09
Vid Kbps ━━━━━━━━━━━━━━━━━━━━━━━━━━━━━━ 16/128 12.50% 1.89MB/15.12MB 232.74KBps 00:01:08
Vid Kbps ━━━━━━━━━━━━━━━━━━━━━━━━━━━━━━ 18/128 14.06% 1.89MB/15.12MB 232.74KBps 00:01:04
Vid Kbps ━━━━━━━━━━━━━━━━━━━━━━━━━━━━━━ 18/128 14.06% 2.08MB/14.78MB 191.92KBps 00:01:04
Vid Kbps ━━━━━━━━━━━━━━━━━━━━━━━━━━━━━━ 19/128 14.84% 2.08MB/14.78MB 191.92KBps 00:01:06
Vid Kbps ━━━━━━━━━━━━━━━━━━━━━━━━━━━━━━ 19/128 14.84% 2.34MB/15.73MB 263.71KBps 00:01:06
Vid Kbps ━━━━━━━━━━━━━━━━━━━━━━━━━━━━━━ 20/128 15.62% 2.34MB/15.73MB 263.71KBps 00:01:04
Vid Kbps ━━━━━━━━━━━━━━━━━━━━━━━━━━━━━━ 21/128 16.41% 2.34MB/15.73MB 263.71KBps 00:01:02
Vid Kbps ━━━━━━━━━━━━━━━━━━━━━━━━━━━━━━ 22/128 17.19% 2.34MB/15.73MB 263.71KBps 00:00:59
Vid Kbps ━━━━━━━━━━━━━━━━━━━━━━━━━━━━━━ 24/128 18.75% 2.34MB/15.73MB 263.71KBps 00:00:54
Vid Kbps ━━━━━━━━━━━━━━━━━━━━━━━━━━━━━━ 25/128 19.53% 2.60MB/13.33MB 274.73KBps 00:00:52
Vid Kbps ━━━━━━━━━━━━━━━━━━━━━━━━━━━━━━ 26/128 20.31% 2.60MB/13.33MB 274.73KBps 00:00:50
Vid Kbps ━━━━━━━━━━━━━━━━━━━━━━━━━━━━━━ 27/128 21.09% 2.60MB/13.33MB 274.73KBps 00:00:49
Vid Kbps ━━━━━━━━━━━━━━━━━━━━━━━━━━━━━━ 27/128 21.09% 2.87MB/13.62MB 275.81KBps 00:00:49
Vid Kbps ━━━━━━━━━━━━━━━━━━━━━━━━━━━━━━ 27/128 21.09% 3.10MB/14.70MB 233.96KBps 00:00:49
Vid Kbps ━━━━━━━━━━━━━━━━━━━━━━━━━━━━━━ 28/128 21.88% 3.10MB/14.70MB 233.96KBps 00:00:53
Vid Kbps ━━━━━━━━━━━━━━━━━━━━━━━━━━━━━━ 30/128 23.44% 3.10MB/14.70MB 233.96KBps 00:00:49
Vid Kbps ━━━━━━━━━━━━━━━━━━━━━━━━━━━━━━ 32/128 25.00% 3.10MB/14.70MB 233.96KBps 00:00:45
Vid Kbps ━━━━━━━━━━━━━━━━━━━━━━━━━━━━━━ 33/128 25.78% 3.10MB/14.70MB 233.96KBps 00:00:44
Vid Kbps ━━━━━━━━━━━━━━━━━━━━━━━━━━━━━━ 34/128 26.56% 3.10MB/14.70MB 233.96KBps 00:00:43
Vid Kbps ━━━━━━━━━━━━━━━━━━━━━━━━━━━━━━ 34/128 26.56% 3.40MB/12.80MB 306.08KBps 00:00:43
Vid Kbps ━━━━━━━━━━━━━━━━━━━━━━━━━━━━━━ 35/128 27.34% 3.40MB/12.80MB 306.08KBps 00:00:43
Vid Kbps ━━━━━━━━━━━━━━━━━━━━━━━━━━━━━━ 36/128 28.12% 3.40MB/12.80MB 306.08KBps 00:00:42
Vid Kbps ━━━━━━━━━━━━━━━━━━━━━━━━━━━━━━ 37/128 28.91% 3.40MB/12.80MB 306.08KBps 00:00:40
Vid Kbps ━━━━━━━━━━━━━━━━━━━━━━━━━━━━━━ 39/128 30.47% 3.88MB/12.73MB 489.41KBps 00:00:38
Vid Kbps ━━━━━━━━━━━━━━━━━━━━━━━━━━━━━━ 41/128 32.03% 3.88MB/12.73MB 489.41KBps 00:00:36
Vid Kbps ━━━━━━━━━━━━━━━━━━━━━━━━━━━━━━ 44/128 34.38% 3.88MB/12.73MB 489.41KBps 00:00:32
Vid Kbps ━━━━━━━━━━━━━━━━━━━━━━━━━━━━━━ 48/128 37.50% 3.88MB/12.73MB 489.41KBps 00:00:28
Vid Kbps ━━━━━━━━━━━━━━━━━━━━━━━━━━━━━━ 53/128 41.41% 3.88MB/12.73MB 489.41KBps 00:00:24
Vid Kbps ━━━━━━━━━━━━━━━━━━━━━━━━━━━━━━ 55/128 42.97% 3.88MB/12.73MB 489.41KBps 00:00:23
Vid Kbps ━━━━━━━━━━━━━━━━━━━━━━━━━━━━━━ 59/128 46.09% 3.88MB/12.73MB 489.41KBps 00:00:20
Vid Kbps ━━━━━━━━━━━━━━━━━━━━━━━━━━━━━━ 60/128 46.88% 6.14MB/13.11MB 2.26MBps 00:00:20  
Vid Kbps ━━━━━━━━━━━━━━━━━━━━━━━━━━━━━━ 69/128 53.91% 6.14MB/13.11MB 2.26MBps 00:00:15  
Vid Kbps ━━━━━━━━━━━━━━━━━━━━━━━━━━━━━━ 71/128 55.47% 6.14MB/13.11MB 2.26MBps 00:00:14  
Vid Kbps ━━━━━━━━━━━━━━━━━━━━━━━━━━━━━━ 75/128 58.59% 6.14MB/13.11MB 2.26MBps 00:00:12  
Vid Kbps ━━━━━━━━━━━━━━━━━━━━━━━━━━━━━━ 79/128 61.72% 6.14MB/13.11MB 2.26MBps 00:00:11  
Vid Kbps ━━━━━━━━━━━━━━━━━━━━━━━━━━━━━━ 81/128 63.28% 6.14MB/13.11MB 2.26MBps 00:00:10  
Vid Kbps ━━━━━━━━━━━━━━━━━━━━━━━━━━━━━━ 86/128 67.19% 6.14MB/13.11MB 2.26MBps 00:00:08  
Vid Kbps ━━━━━━━━━━━━━━━━━━━━━━━━━━━━━━ 96/128 75.00% 6.14MB/13.11MB 2.26MBps 00:00:06  
Vid Kbps ━━━━━━━━━━━━━━━━━━━━━━━━━━━━━━ 100/128 78.12% 6.14MB/13.11MB 2.26MBps 00:00:05 
Vid Kbps ━━━━━━━━━━━━━━━━━━━━━━━━━━━━━━ 105/128 82.03% 9.80MB/11.94MB 3.66MBps 00:00:04 
Vid Kbps ━━━━━━━━━━━━━━━━━━━━━━━━━━━━━━ 107/128 83.59% 9.80MB/11.94MB 3.66MBps 00:00:03 
Vid Kbps ━━━━━━━━━━━━━━━━━━━━━━━━━━━━━━ 108/128 84.38% 9.80MB/11.94MB 3.66MBps 00:00:03 
Vid Kbps ━━━━━━━━━━━━━━━━━━━━━━━━━━━━━━ 110/128 85.94% 9.80MB/11.94MB 3.66MBps 00:00:03 
Vid Kbps ━━━━━━━━━━━━━━━━━━━━━━━━━━━━━━ 111/128 86.72% 9.80MB/11.94MB 3.66MBps 00:00:02 
Vid Kbps ━━━━━━━━━━━━━━━━━━━━━━━━━━━━━━ 113/128 88.28% 9.80MB/11.94MB 3.66MBps 00:00:02 
Vid Kbps ━━━━━━━━━━━━━━━━━━━━━━━━━━━━━━ 114/128 89.06% 9.80MB/11.94MB 3.66MBps 00:00:02 
Vid Kbps ━━━━━━━━━━━━━━━━━━━━━━━━━━━━━━ 115/128 89.84% 9.80MB/11.94MB 3.66MBps 00:00:02 
Vid Kbps ━━━━━━━━━━━━━━━━━━━━━━━━━━━━━━ 116/128 90.62% 9.80MB/11.94MB 3.66MBps 00:00:02 
Vid Kbps ━━━━━━━━━━━━━━━━━━━━━━━━━━━━━━ 116/128 90.62% 10.73MB/11.84MB 954.21KBps 00:00:02
Vid Kbps ━━━━━━━━━━━━━━━━━━━━━━━━━━━━━━ 117/128 91.41% 10.73MB/11.84MB 954.21KBps 00:00:01
Vid Kbps ━━━━━━━━━━━━━━━━━━━━━━━━━━━━━━ 119/128 92.97% 10.73MB/11.84MB 954.21KBps 00:00:01
Vid Kbps ━━━━━━━━━━━━━━━━━━━━━━━━━━━━━━ 121/128 94.53% 10.73MB/11.84MB 954.21KBps 00:00:01
Vid Kbps ━━━━━━━━━━━━━━━━━━━━━━━━━━━━━━ 122/128 95.31% 10.73MB/11.84MB 954.21KBps 00:00:00
Vid Kbps ━━━━━━━━━━━━━━━━━━━━━━━━━━━━━━ 123/128 96.09% 10.73MB/11.84MB 954.21KBps 00:00:00
Vid Kbps ━━━━━━━━━━━━━━━━━━━━━━━━━━━━━━ 125/128 97.66% 10.73MB/11.84MB 954.21KBps 00:00:00
Vid Kbps ━━━━━━━━━━━━━━━━━━━━━━━━━━━━━━ 127/128 99.22% 11.45MB/11.54MB 738.88KBps 00:00:0015:39:23.095 INFO : ffmpeg merging...
Vid Kbps ━━━━━━━━━━━━━━━━━━━━━━━━━━━━━━ 127/128 99.22% 11.45MB/11.54MB 738.88KBps 00:00:0015:39:23.111 WARN : [mpegts @ 0x5ed47a8c8d80] DTS 9090 < 320651 out of order
Vid Kbps ━━━━━━━━━━━━━━━━━━━━━━━━━━━━━━ 127/128 99.22% 11.45MB/11.54MB 738.88KBps 00:00:0015:39:23.113 WARN : [mpegts @ 0x5ed47a8c8d80] start time for stream 1 is not set in estimate_timings_from_pts
Vid Kbps ━━━━━━━━━━━━━━━━━━━━━━━━━━━━━━ 127/128 99.22% 11.45MB/11.54MB 738.88KBps 00:00:0015:39:23.114 WARN : [vist#0:0/h264 @ 0x5ed47a8d0ac0] timestamp discontinuity (stream id=256): -3503489, new offset= 3503489
Vid Kbps ━━━━━━━━━━━━━━━━━━━━━━━━━━━━━━ 127/128 99.22% 11.45MB/11.54MB 738.88KBps 00:00:00
Vid Kbps ━━━━━━━━━━━━━━━━━━━━━━━━━━━━━━ 128/128 100.00% 11.46MB - 00:00:00                15:39:23.270 INFO : Done
